# JRE version: OpenJDK Runtime Environment (11.0.13) (build 11.0.13+0-b1751.21-8125866)
# Java VM: OpenJDK 64-Bit Server VM (11.0.13+0-b1751.21-8125866, mixed mode, tiered, compressed oops, g1 gc, windows-amd64)
Heap:
 garbage-first heap   total 188416K, used 130283K [0x0000000080000000, 0x0000000100000000)
  region size 1024K, 43 young (44032K), 4 survivors (4096K)
 Metaspace       used 98719K, capacity 100866K, committed 101200K, reserved 1136640K
  class space    used 12420K, capacity 13222K, committed 13312K, reserved 1048576K
GC Heap History (20 events):
Event: 88.046 GC heap before
{Heap before GC invocations=14 (full 0):
 garbage-first heap   total 188416K, used 133711K [0x0000000080000000, 0x0000000100000000)
  region size 1024K, 88 young (90112K), 10 survivors (10240K)
 Metaspace       used 70679K, capacity 72233K, committed 72400K, reserved 1112064K
  class space    used 8965K, capacity 9561K, committed 9600K, reserved 1048576K
}
Event: 88.090 GC heap after
{Heap after GC invocations=15 (full 0):
 garbage-first heap   total 188416K, used 58556K [0x0000000080000000, 0x0000000100000000)
  region size 1024K, 6 young (6144K), 6 survivors (6144K)
 Metaspace       used 70679K, capacity 72233K, committed 72400K, reserved 1112064K
  class space    used 8965K, capacity 9561K, committed 9600K, reserved 1048576K
}
Event: 93.125 GC heap before
{Heap before GC invocations=15 (full 0):
 garbage-first heap   total 188416K, used 138428K [0x0000000080000000, 0x0000000100000000)
  region size 1024K, 84 young (86016K), 6 survivors (6144K)
 Metaspace       used 78087K, capacity 79727K, committed 79952K, reserved 1118208K
  class space    used 10080K, capacity 10729K, committed 10752K, reserved 1048576K
}
Event: 93.156 GC heap after
{Heap after GC invocations=16 (full 0):
 garbage-first heap   total 188416K, used 62688K [0x0000000080000000, 0x0000000100000000)
  region size 1024K, 10 young (10240K), 10 survivors (10240K)
 Metaspace       used 78087K, capacity 79727K, committed 79952K, reserved 1118208K
  class space    used 10080K, capacity 10729K, committed 10752K, reserved 1048576K
}
Event: 97.512 GC heap before
{Heap before GC invocations=16 (full 0):
 garbage-first heap   total 188416K, used 140512K [0x0000000080000000, 0x0000000100000000)
  region size 1024K, 87 young (89088K), 10 survivors (10240K)
 Metaspace       used 85207K, capacity 87319K, committed 87376K, reserved 1124352K
  class space    used 10941K, capacity 11730K, committed 11776K, reserved 1048576K
}
Event: 97.575 GC heap after
{Heap after GC invocations=17 (full 0):
 garbage-first heap   total 188416K, used 70745K [0x0000000080000000, 0x0000000100000000)
  region size 1024K, 11 young (11264K), 11 survivors (11264K)
 Metaspace       used 85207K, capacity 87319K, committed 87376K, reserved 1124352K
  class space    used 10941K, capacity 11730K, committed 11776K, reserved 1048576K
}
Event: 101.725 GC heap before
{Heap before GC invocations=17 (full 0):
 garbage-first heap   total 188416K, used 145497K [0x0000000080000000, 0x0000000100000000)
  region size 1024K, 83 young (84992K), 11 survivors (11264K)
 Metaspace       used 86966K, capacity 89012K, committed 89168K, reserved 1126400K
  class space    used 11127K, capacity 11923K, committed 12032K, reserved 1048576K
}
Event: 101.790 GC heap after
{Heap after GC invocations=18 (full 0):
 garbage-first heap   total 188416K, used 84243K [0x0000000080000000, 0x0000000100000000)
  region size 1024K, 11 young (11264K), 11 survivors (11264K)
 Metaspace       used 86966K, capacity 89012K, committed 89168K, reserved 1126400K
  class space    used 11127K, capacity 11923K, committed 12032K, reserved 1048576K
}
Event: 104.333 GC heap before
{Heap before GC invocations=18 (full 0):
 garbage-first heap   total 188416K, used 137491K [0x0000000080000000, 0x0000000100000000)
  region size 1024K, 56 young (57344K), 11 survivors (11264K)
 Metaspace       used 89707K, capacity 91810K, committed 91984K, reserved 1128448K
  class space    used 11452K, capacity 12280K, committed 12288K, reserved 1048576K
}
Event: 104.399 GC heap after
{Heap after GC invocations=19 (full 0):
 garbage-first heap   total 188416K, used 101888K [0x0000000080000000, 0x0000000100000000)
  region size 1024K, 9 young (9216K), 9 survivors (9216K)
 Metaspace       used 89707K, capacity 91810K, committed 91984K, reserved 1128448K
  class space    used 11452K, capacity 12280K, committed 12288K, reserved 1048576K
}
Event: 107.710 GC heap before
{Heap before GC invocations=20 (full 0):
 garbage-first heap   total 188416K, used 151040K [0x0000000080000000, 0x0000000100000000)
  region size 1024K, 50 young (51200K), 9 survivors (9216K)
 Metaspace       used 92216K, capacity 94324K, committed 94544K, reserved 1132544K
  class space    used 11685K, capacity 12453K, committed 12544K, reserved 1048576K
}
Event: 107.750 GC heap after
{Heap after GC invocations=21 (full 0):
 garbage-first heap   total 188416K, used 101888K [0x0000000080000000, 0x0000000100000000)
  region size 1024K, 3 young (3072K), 3 survivors (3072K)
 Metaspace       used 92216K, capacity 94324K, committed 94544K, reserved 1132544K
  class space    used 11685K, capacity 12453K, committed 12544K, reserved 1048576K
}
Event: 109.859 GC heap before
{Heap before GC invocations=21 (full 0):
 garbage-first heap   total 188416K, used 143872K [0x0000000080000000, 0x0000000100000000)
  region size 1024K, 45 young (46080K), 3 survivors (3072K)
 Metaspace       used 93544K, capacity 95769K, committed 95952K, reserved 1132544K
  class space    used 11812K, capacity 12627K, committed 12672K, reserved 1048576K
}
Event: 109.878 GC heap after
{Heap after GC invocations=22 (full 0):
 garbage-first heap   total 188416K, used 103936K [0x0000000080000000, 0x0000000100000000)
  region size 1024K, 5 young (5120K), 5 survivors (5120K)
 Metaspace       used 93544K, capacity 95769K, committed 95952K, reserved 1132544K
  class space    used 11812K, capacity 12627K, committed 12672K, reserved 1048576K
}
Event: 112.673 GC heap before
{Heap before GC invocations=23 (full 0):
 garbage-first heap   total 188416K, used 136192K [0x0000000080000000, 0x0000000100000000)
  region size 1024K, 48 young (49152K), 5 survivors (5120K)
 Metaspace       used 95842K, capacity 97971K, committed 98256K, reserved 1134592K
  class space    used 12095K, capacity 12865K, committed 12928K, reserved 1048576K
}
Event: 112.701 GC heap after
{Heap after GC invocations=24 (full 0):
 garbage-first heap   total 188416K, used 95131K [0x0000000080000000, 0x0000000100000000)
  region size 1024K, 6 young (6144K), 6 survivors (6144K)
 Metaspace       used 95842K, capacity 97971K, committed 98256K, reserved 1134592K
  class space    used 12095K, capacity 12865K, committed 12928K, reserved 1048576K
}
Event: 112.837 GC heap before
{Heap before GC invocations=24 (full 0):
 garbage-first heap   total 188416K, used 97179K [0x0000000080000000, 0x0000000100000000)
  region size 1024K, 9 young (9216K), 6 survivors (6144K)
 Metaspace       used 96042K, capacity 98195K, committed 98256K, reserved 1134592K
  class space    used 12126K, capacity 12897K, committed 12928K, reserved 1048576K
}
Event: 112.858 GC heap after
{Heap after GC invocations=25 (full 0):
 garbage-first heap   total 188416K, used 89798K [0x0000000080000000, 0x0000000100000000)
  region size 1024K, 1 young (1024K), 1 survivors (1024K)
 Metaspace       used 96042K, capacity 98195K, committed 98256K, reserved 1134592K
  class space    used 12126K, capacity 12897K, committed 12928K, reserved 1048576K
}
Event: 117.588 GC heap before
{Heap before GC invocations=25 (full 0):
 garbage-first heap   total 188416K, used 139974K [0x0000000080000000, 0x0000000100000000)
  region size 1024K, 50 young (51200K), 1 survivors (1024K)
 Metaspace       used 98667K, capacity 100866K, committed 101200K, reserved 1136640K
  class space    used 12418K, capacity 13224K, committed 13312K, reserved 1048576K
}
Event: 117.610 GC heap after
{Heap after GC invocations=26 (full 0):
 garbage-first heap   total 188416K, used 92395K [0x0000000080000000, 0x0000000100000000)
  region size 1024K, 4 young (4096K), 4 survivors (4096K)
 Metaspace       used 98667K, capacity 100866K, committed 101200K, reserved 1136640K
  class space    used 12418K, capacity 13224K, committed 13312K, reserved 1048576K
}

