# JRE version: OpenJDK Runtime Environment (11.0.13) (build 11.0.13+0-b1751.21-8125866)
# Java VM: OpenJDK 64-Bit Server VM (11.0.13+0-b1751.21-8125866, mixed mode, tiered, compressed oops, g1 gc, windows-amd64)
Heap:
 garbage-first heap   total 461824K, used 239314K [0x0000000080000000, 0x0000000100000000)
  region size 1024K, 72 young (73728K), 13 survivors (13312K)
 Metaspace       used 146860K, capacity 151771K, committed 152016K, reserved 1181696K
  class space    used 17281K, capacity 19131K, committed 19232K, reserved 1048576K
GC Heap History (20 events):
Event: 16543.996 GC heap before
{Heap before GC invocations=303 (full 0):
 garbage-first heap   total 461824K, used 391810K [0x0000000080000000, 0x0000000100000000)
  region size 1024K, 206 young (210944K), 1 survivors (1024K)
 Metaspace       used 146699K, capacity 151587K, committed 151760K, reserved 1181696K
  class space    used 17272K, capacity 19116K, committed 19232K, reserved 1048576K
}
Event: 16544.041 GC heap after
{Heap after GC invocations=304 (full 0):
 garbage-first heap   total 461824K, used 183111K [0x0000000080000000, 0x0000000100000000)
  region size 1024K, 2 young (2048K), 2 survivors (2048K)
 Metaspace       used 146699K, capacity 151587K, committed 151760K, reserved 1181696K
  class space    used 17272K, capacity 19116K, committed 19232K, reserved 1048576K
}
Event: 16551.362 GC heap before
{Heap before GC invocations=305 (full 0):
 garbage-first heap   total 461824K, used 396103K [0x0000000080000000, 0x0000000100000000)
  region size 1024K, 211 young (216064K), 2 survivors (2048K)
 Metaspace       used 146712K, capacity 151651K, committed 152016K, reserved 1181696K
  class space    used 17272K, capacity 19116K, committed 19232K, reserved 1048576K
}
Event: 16551.398 GC heap after
{Heap after GC invocations=306 (full 0):
 garbage-first heap   total 461824K, used 183467K [0x0000000080000000, 0x0000000100000000)
  region size 1024K, 4 young (4096K), 4 survivors (4096K)
 Metaspace       used 146712K, capacity 151651K, committed 152016K, reserved 1181696K
  class space    used 17272K, capacity 19116K, committed 19232K, reserved 1048576K
}
Event: 16552.052 GC heap before
{Heap before GC invocations=306 (full 0):
 garbage-first heap   total 461824K, used 201899K [0x0000000080000000, 0x0000000100000000)
  region size 1024K, 22 young (22528K), 4 survivors (4096K)
 Metaspace       used 146712K, capacity 151651K, committed 152016K, reserved 1181696K
  class space    used 17272K, capacity 19116K, committed 19232K, reserved 1048576K
}
Event: 16552.199 GC heap after
{Heap after GC invocations=307 (full 0):
 garbage-first heap   total 461824K, used 169902K [0x0000000080000000, 0x0000000100000000)
  region size 1024K, 2 young (2048K), 2 survivors (2048K)
 Metaspace       used 146712K, capacity 151651K, committed 152016K, reserved 1181696K
  class space    used 17272K, capacity 19116K, committed 19232K, reserved 1048576K
}
Event: 16565.929 GC heap before
{Heap before GC invocations=307 (full 0):
 garbage-first heap   total 461824K, used 386990K [0x0000000080000000, 0x0000000100000000)
  region size 1024K, 215 young (220160K), 2 survivors (2048K)
 Metaspace       used 146720K, capacity 151651K, committed 152016K, reserved 1181696K
  class space    used 17272K, capacity 19116K, committed 19232K, reserved 1048576K
}
Event: 16566.009 GC heap after
{Heap after GC invocations=308 (full 0):
 garbage-first heap   total 461824K, used 171491K [0x0000000080000000, 0x0000000100000000)
  region size 1024K, 4 young (4096K), 4 survivors (4096K)
 Metaspace       used 146720K, capacity 151651K, committed 152016K, reserved 1181696K
  class space    used 17272K, capacity 19116K, committed 19232K, reserved 1048576K
}
Event: 16572.532 GC heap before
{Heap before GC invocations=309 (full 0):
 garbage-first heap   total 461824K, used 391651K [0x0000000080000000, 0x0000000100000000)
  region size 1024K, 219 young (224256K), 4 survivors (4096K)
 Metaspace       used 146727K, capacity 151651K, committed 152016K, reserved 1181696K
  class space    used 17272K, capacity 19116K, committed 19232K, reserved 1048576K
}
Event: 16572.604 GC heap after
{Heap after GC invocations=310 (full 0):
 garbage-first heap   total 461824K, used 173375K [0x0000000080000000, 0x0000000100000000)
  region size 1024K, 6 young (6144K), 6 survivors (6144K)
 Metaspace       used 146727K, capacity 151651K, committed 152016K, reserved 1181696K
  class space    used 17272K, capacity 19116K, committed 19232K, reserved 1048576K
}
Event: 16573.131 GC heap before
{Heap before GC invocations=310 (full 0):
 garbage-first heap   total 461824K, used 189759K [0x0000000080000000, 0x0000000100000000)
  region size 1024K, 22 young (22528K), 6 survivors (6144K)
 Metaspace       used 146727K, capacity 151651K, committed 152016K, reserved 1181696K
  class space    used 17272K, capacity 19116K, committed 19232K, reserved 1048576K
}
Event: 16573.209 GC heap after
{Heap after GC invocations=311 (full 0):
 garbage-first heap   total 461824K, used 168275K [0x0000000080000000, 0x0000000100000000)
  region size 1024K, 1 young (1024K), 1 survivors (1024K)
 Metaspace       used 146727K, capacity 151651K, committed 152016K, reserved 1181696K
  class space    used 17272K, capacity 19116K, committed 19232K, reserved 1048576K
}
Event: 16574.710 GC heap before
{Heap before GC invocations=311 (full 0):
 garbage-first heap   total 461824K, used 243027K [0x0000000080000000, 0x0000000100000000)
  region size 1024K, 75 young (76800K), 1 survivors (1024K)
 Metaspace       used 146787K, capacity 151664K, committed 152016K, reserved 1181696K
  class space    used 17274K, capacity 19118K, committed 19232K, reserved 1048576K
}
Event: 16574.740 GC heap after
{Heap after GC invocations=312 (full 0):
 garbage-first heap   total 461824K, used 171591K [0x0000000080000000, 0x0000000100000000)
  region size 1024K, 5 young (5120K), 5 survivors (5120K)
 Metaspace       used 146787K, capacity 151664K, committed 152016K, reserved 1181696K
  class space    used 17274K, capacity 19118K, committed 19232K, reserved 1048576K
}
Event: 16579.757 GC heap before
{Heap before GC invocations=313 (full 0):
 garbage-first heap   total 461824K, used 391751K [0x0000000080000000, 0x0000000100000000)
  region size 1024K, 218 young (223232K), 5 survivors (5120K)
 Metaspace       used 146827K, capacity 151749K, committed 152016K, reserved 1181696K
  class space    used 17277K, capacity 19124K, committed 19232K, reserved 1048576K
}
Event: 16579.796 GC heap after
{Heap after GC invocations=314 (full 0):
 garbage-first heap   total 461824K, used 176810K [0x0000000080000000, 0x0000000100000000)
  region size 1024K, 10 young (10240K), 10 survivors (10240K)
 Metaspace       used 146827K, capacity 151749K, committed 152016K, reserved 1181696K
  class space    used 17277K, capacity 19124K, committed 19232K, reserved 1048576K
}
Event: 16579.933 GC heap before
{Heap before GC invocations=314 (full 0):
 garbage-first heap   total 461824K, used 188074K [0x0000000080000000, 0x0000000100000000)
  region size 1024K, 22 young (22528K), 10 survivors (10240K)
 Metaspace       used 146828K, capacity 151749K, committed 152016K, reserved 1181696K
  class space    used 17277K, capacity 19124K, committed 19232K, reserved 1048576K
}
Event: 16579.973 GC heap after
{Heap after GC invocations=315 (full 0):
 garbage-first heap   total 461824K, used 168213K [0x0000000080000000, 0x0000000100000000)
  region size 1024K, 3 young (3072K), 3 survivors (3072K)
 Metaspace       used 146828K, capacity 151749K, committed 152016K, reserved 1181696K
  class space    used 17277K, capacity 19124K, committed 19232K, reserved 1048576K
}
Event: 16586.525 GC heap before
{Heap before GC invocations=315 (full 0):
 garbage-first heap   total 461824K, used 366869K [0x0000000080000000, 0x0000000100000000)
  region size 1024K, 199 young (203776K), 3 survivors (3072K)
 Metaspace       used 146856K, capacity 151771K, committed 152016K, reserved 1181696K
  class space    used 17281K, capacity 19131K, committed 19232K, reserved 1048576K
}
Event: 16586.659 GC heap after
{Heap after GC invocations=316 (full 0):
 garbage-first heap   total 461824K, used 178898K [0x0000000080000000, 0x0000000100000000)
  region size 1024K, 13 young (13312K), 13 survivors (13312K)
 Metaspace       used 146856K, capacity 151771K, committed 152016K, reserved 1181696K
  class space    used 17281K, capacity 19131K, committed 19232K, reserved 1048576K
}

